2013/08/08 19:05:41 [error] [exception.CException] exception 'CException' with message 'Alias "bootstrap.widgets.TbHeroUnit" is invalid. Make sure it points to an existing directory or file.' in /var/www/framework/YiiBase.php:341
Stack trace:
#0 /var/www/framework/web/CWidgetFactory.php(146): YiiBase::import('bootstrap.widge...', true)
#1 /var/www/framework/web/CBaseController.php(146): CWidgetFactory->createWidget(Object(SiteController), 'bootstrap.widge...', Array)
#2 /var/www/framework/web/CBaseController.php(189): CBaseController->createWidget('bootstrap.widge...', Array)
#3 /var/www/wikipolitica/themes/theme/views/site/index.php(9): CBaseController->beginWidget('bootstrap.widge...', Array)
#4 /var/www/framework/web/CBaseController.php(126): require('/var/www/wikipo...')
#5 /var/www/framework/web/CBaseController.php(95): CBaseController->renderInternal('/var/www/wikipo...', NULL, true)
#6 /var/www/framework/web/CController.php(869): CBaseController->renderFile('/var/www/wikipo...', NULL, true)
#7 /var/www/framework/web/CController.php(782): CController->renderPartial('index', NULL, true)
#8 /var/www/wikipolitica/protected/controllers/SiteController.php(32): CController->render('index')
#9 /var/www/framework/web/actions/CInlineAction.php(49): SiteController->actionIndex()
#10 /var/www/framework/web/CController.php(308): CInlineAction->runWithParams(Array)
#11 /var/www/framework/web/CController.php(286): CController->runAction(Object(CInlineAction))
#12 /var/www/framework/web/CController.php(265): CController->runActionWithFilters(Object(CInlineAction), Array)
#13 /var/www/framework/web/CWebApplication.php(282): CController->run('')
#14 /var/www/framework/web/CWebApplication.php(141): CWebApplication->runController('')
#15 /var/www/framework/base/CApplication.php(169): CWebApplication->processRequest()
#16 /var/www/wikipolitica/index.php(13): CApplication->run()
#17 {main}
REQUEST_URI=/wikipolitica/
---
2013/08/08 19:06:31 [error] [exception.CException] exception 'CException' with message 'Alias "bootstrap.widgets.TbHeroUnit" is invalid. Make sure it points to an existing directory or file.' in /var/www/framework/YiiBase.php:341
Stack trace:
#0 /var/www/framework/web/CWidgetFactory.php(146): YiiBase::import('bootstrap.widge...', true)
#1 /var/www/framework/web/CBaseController.php(146): CWidgetFactory->createWidget(Object(SiteController), 'bootstrap.widge...', Array)
#2 /var/www/framework/web/CBaseController.php(189): CBaseController->createWidget('bootstrap.widge...', Array)
#3 /var/www/wikipolitica/themes/theme/views/site/index.php(9): CBaseController->beginWidget('bootstrap.widge...', Array)
#4 /var/www/framework/web/CBaseController.php(126): require('/var/www/wikipo...')
#5 /var/www/framework/web/CBaseController.php(95): CBaseController->renderInternal('/var/www/wikipo...', NULL, true)
#6 /var/www/framework/web/CController.php(869): CBaseController->renderFile('/var/www/wikipo...', NULL, true)
#7 /var/www/framework/web/CController.php(782): CController->renderPartial('index', NULL, true)
#8 /var/www/wikipolitica/protected/controllers/SiteController.php(32): CController->render('index')
#9 /var/www/framework/web/actions/CInlineAction.php(49): SiteController->actionIndex()
#10 /var/www/framework/web/CController.php(308): CInlineAction->runWithParams(Array)
#11 /var/www/framework/web/CController.php(286): CController->runAction(Object(CInlineAction))
#12 /var/www/framework/web/CController.php(265): CController->runActionWithFilters(Object(CInlineAction), Array)
#13 /var/www/framework/web/CWebApplication.php(282): CController->run('')
#14 /var/www/framework/web/CWebApplication.php(141): CWebApplication->runController('')
#15 /var/www/framework/base/CApplication.php(169): CWebApplication->processRequest()
#16 /var/www/wikipolitica/index.php(13): CApplication->run()
#17 {main}
REQUEST_URI=/wikipolitica/
---
